<?xml version="1.0" encoding="utf-8"?>
<!DOCTYPE coverage SYSTEM "http://cobertura.sourceforge.net/xml/coverage-04.dtd">
<coverage line-rate="0.7230769230769231" branch-rate="0.7083333333333334" lines-covered="376" lines-valid="520" branches-covered="238" branches-valid="336" complexity="462" version="0" timestamp="1774750660">
  <sources />
  <packages>
    <package name="CoverageDemo" line-rate="0.7251585623678647" branch-rate="0.69375" complexity="441">
      <classes>
        <class name="CoverageDemo.Coverage.Attributes" filename="C:\Users\mw\Projects\Learning\codecoverage-lab\ReportComparison\CoverageDemo\Coverage\Attributes.cs" line-rate="0.7857142857142857" branch-rate="1" complexity="8">
          <methods>
            <method name="Run" signature="()" line-rate="1" branch-rate="1" complexity="1">
              <lines>
                <line number="24" hits="1" branch="false" />
                <line number="25" hits="1" branch="false" />
                <line number="26" hits="1" branch="false" />
                <line number="27" hits="1" branch="false" />
              </lines>
            </method>
            <method name="Method1" signature="()" line-rate="1" branch-rate="1" complexity="1">
              <lines>
                <line number="31" hits="1" branch="false" />
              </lines>
            </method>
            <method name="Method2" signature="()" line-rate="0.6666666666666666" branch-rate="1" complexity="1">
              <lines>
                <line number="37" hits="1" branch="false" />
                <line number="38" hits="1" branch="false" />
                <line number="39" hits="0" branch="false" />
              </lines>
            </method>
            <method name="DebuggerStepperBoundaryMethod" signature="()" line-rate="0" branch-rate="1" complexity="1">
              <lines>
                <line number="44" hits="0" branch="false" />
              </lines>
            </method>
            <method name="CompilerGeneratedMethod" signature="()" line-rate="0" branch-rate="1" complexity="1">
              <lines>
                <line number="45" hits="0" branch="false" />
              </lines>
            </method>
            <method name="DoesNotReturnMethod" signature="()" line-rate="1" branch-rate="1" complexity="1">
              <lines>
                <line number="52" hits="1" branch="false" />
              </lines>
            </method>
            <method name="DoesNotReturnIfMethod" signature="(CoverageDemo.MyBool)" line-rate="1" branch-rate="1" complexity="2">
              <lines>
                <line number="57" hits="1" branch="true" condition-coverage="100% (2/2)" />
                <line number="59" hits="1" branch="false" />
                <line number="61" hits="1" branch="false" />
              </lines>
            </method>
          </methods>
          <lines>
            <line number="24" hits="1" branch="false" />
            <line number="25" hits="1" branch="false" />
            <line number="26" hits="1" branch="false" />
            <line number="27" hits="1" branch="false" />
            <line number="31" hits="1" branch="false" />
            <line number="37" hits="1" branch="false" />
            <line number="38" hits="1" branch="false" />
            <line number="39" hits="0" branch="false" />
            <line number="44" hits="0" branch="false" />
            <line number="45" hits="0" branch="false" />
            <line number="52" hits="1" branch="false" />
            <line number="57" hits="1" branch="true" condition-coverage="100% (2/2)" />
            <line number="59" hits="1" branch="false" />
            <line number="61" hits="1" branch="false" />
          </lines>
        </class>
        <class name="CoverageDemo.Coverage.Class17CoverageDemoStateMachines" filename="C:\Users\mw\Projects\Learning\codecoverage-lab\ReportComparison\CoverageDemo\Coverage\_Pending.cs" line-rate="1" branch-rate="1" complexity="1">
          <methods>
            <method name=".ctor" signature="(int)" line-rate="1" branch-rate="1" complexity="1">
              <lines>
                <line number="13" hits="1" branch="false" />
              </lines>
            </method>
          </methods>
          <lines>
            <line number="13" hits="1" branch="false" />
          </lines>
        </class>
        <class name="CoverageDemo.Coverage.Class17CoverageDemoStateMachines.&lt;Method01YieldEnumerable&gt;d__2" filename="C:\Users\mw\Projects\Learning\codecoverage-lab\ReportComparison\CoverageDemo\Coverage\_Pending.cs" line-rate="0.75" branch-rate="0.75" complexity="4">
          <methods>
            <method name="MoveNext" signature="()" line-rate="0.75" branch-rate="0.75" complexity="4">
              <lines>
                <line number="17" hits="1" branch="false" />
                <line number="18" hits="1" branch="true" condition-coverage="100% (2/2)" />
                <line number="20" hits="1" branch="false" />
                <line number="22" hits="1" branch="false" />
                <line number="23" hits="1" branch="true" condition-coverage="50% (1/2)" />
                <line number="25" hits="1" branch="false" />
                <line number="27" hits="0" branch="false" />
                <line number="28" hits="0" branch="false" />
              </lines>
            </method>
          </methods>
          <lines>
            <line number="17" hits="1" branch="false" />
            <line number="18" hits="1" branch="true" condition-coverage="100% (2/2)" />
            <line number="20" hits="1" branch="false" />
            <line number="22" hits="1" branch="false" />
            <line number="23" hits="1" branch="true" condition-coverage="50% (1/2)" />
            <line number="25" hits="1" branch="false" />
            <line number="27" hits="0" branch="false" />
            <line number="28" hits="0" branch="false" />
          </lines>
        </class>
        <class name="CoverageDemo.Coverage.Class17CoverageDemoStateMachines.&lt;Method02YieldAsyncEnumerable&gt;d__3" filename="C:\Users\mw\Projects\Learning\codecoverage-lab\ReportComparison\CoverageDemo\Coverage\_Pending.cs" line-rate="0.8181818181818182" branch-rate="0.75" complexity="4">
          <methods>
            <method name="MoveNext" signature="()" line-rate="0.8181818181818182" branch-rate="0.75" complexity="4">
              <lines>
                <line number="32" hits="1" branch="false" />
                <line number="33" hits="1" branch="true" condition-coverage="100% (2/2)" />
                <line number="35" hits="1" branch="false" />
                <line number="36" hits="1" branch="false" />
                <line number="38" hits="1" branch="false" />
                <line number="39" hits="1" branch="false" />
                <line number="40" hits="1" branch="true" condition-coverage="50% (1/2)" />
                <line number="42" hits="1" branch="false" />
                <line number="45" hits="0" branch="false" />
                <line number="46" hits="0" branch="false" />
                <line number="47" hits="1" branch="false" />
              </lines>
            </method>
          </methods>
          <lines>
            <line number="32" hits="1" branch="false" />
            <line number="33" hits="1" branch="true" condition-coverage="100% (2/2)" />
            <line number="35" hits="1" branch="false" />
            <line number="36" hits="1" branch="false" />
            <line number="38" hits="1" branch="false" />
            <line number="39" hits="1" branch="false" />
            <line number="40" hits="1" branch="true" condition-coverage="50% (1/2)" />
            <line number="42" hits="1" branch="false" />
            <line number="45" hits="0" branch="false" />
            <line number="46" hits="0" branch="false" />
            <line number="47" hits="1" branch="false" />
          </lines>
        </class>
        <class name="CoverageDemo.Coverage.Class17CoverageDemoStateMachines.&lt;Method03AsyncTask&gt;d__4" filename="C:\Users\mw\Projects\Learning\codecoverage-lab\ReportComparison\CoverageDemo\Coverage\_Pending.cs" line-rate="0.8333333333333334" branch-rate="0.75" complexity="4">
          <methods>
            <method name="MoveNext" signature="()" line-rate="0.8333333333333334" branch-rate="0.75" complexity="4">
              <lines>
                <line number="51" hits="1" branch="false" />
                <line number="52" hits="1" branch="false" />
                <line number="53" hits="1" branch="true" condition-coverage="100% (2/2)" />
                <line number="55" hits="1" branch="false" />
                <line number="56" hits="1" branch="false" />
                <line number="58" hits="1" branch="false" />
                <line number="59" hits="1" branch="false" />
                <line number="60" hits="1" branch="true" condition-coverage="50% (1/2)" />
                <line number="63" hits="0" branch="false" />
                <line number="64" hits="0" branch="false" />
                <line number="66" hits="1" branch="false" />
                <line number="67" hits="1" branch="false" />
              </lines>
            </method>
          </methods>
          <lines>
            <line number="51" hits="1" branch="false" />
            <line number="52" hits="1" branch="false" />
            <line number="53" hits="1" branch="true" condition-coverage="100% (2/2)" />
            <line number="55" hits="1" branch="false" />
            <line number="56" hits="1" branch="false" />
            <line number="58" hits="1" branch="false" />
            <line number="59" hits="1" branch="false" />
            <line number="60" hits="1" branch="true" condition-coverage="50% (1/2)" />
            <line number="63" hits="0" branch="false" />
            <line number="64" hits="0" branch="false" />
            <line number="66" hits="1" branch="false" />
            <line number="67" hits="1" branch="false" />
          </lines>
        </class>
        <class name="CoverageDemo.Coverage.Generics" filename="C:\Users\mw\Projects\Learning\codecoverage-lab\ReportComparison\CoverageDemo\Coverage\Generics.cs" line-rate="0.7692307692307693" branch-rate="0.5" complexity="7">
          <methods>
            <method name="Run" signature="()" line-rate="1" branch-rate="1" complexity="1">
              <lines>
                <line number="11" hits="1" branch="false" />
                <line number="12" hits="1" branch="false" />
                <line number="13" hits="1" branch="false" />
                <line number="14" hits="1" branch="false" />
                <line number="15" hits="1" branch="false" />
              </lines>
            </method>
            <method name="TypeOptimized&lt;TItem&gt;" signature="(TItem)" line-rate="0.4" branch-rate="0.25" complexity="4">
              <lines>
                <line number="19" hits="1" branch="true" condition-coverage="50% (1/2)" />
                <line number="21" hits="1" branch="false" />
                <line number="23" hits="0" branch="true" condition-coverage="0% (0/2)" />
                <line number="25" hits="0" branch="false" />
                <line number="27" hits="0" branch="false" />
              </lines>
            </method>
            <method name="MergedCoverageFromDifferentInstantiations&lt;TItem&gt;" signature="(TItem, TItem, CoverageDemo.MyBool)" line-rate="1" branch-rate="1" complexity="2">
              <lines>
                <line number="32" hits="1" branch="true" condition-coverage="100% (2/2)" />
                <line number="34" hits="1" branch="false" />
                <line number="38" hits="1" branch="false" />
              </lines>
            </method>
          </methods>
          <lines>
            <line number="11" hits="1" branch="false" />
            <line number="12" hits="1" branch="false" />
            <line number="13" hits="1" branch="false" />
            <line number="14" hits="1" branch="false" />
            <line number="15" hits="1" branch="false" />
            <line number="19" hits="1" branch="true" condition-coverage="50% (1/2)" />
            <line number="21" hits="1" branch="false" />
            <line number="23" hits="0" branch="true" condition-coverage="0% (0/2)" />
            <line number="25" hits="0" branch="false" />
            <line number="27" hits="0" branch="false" />
            <line number="32" hits="1" branch="true" condition-coverage="100% (2/2)" />
            <line number="34" hits="1" branch="false" />
            <line number="38" hits="1" branch="false" />
          </lines>
        </class>
        <class name="CoverageDemo.Coverage.IfConditions" filename="C:\Users\mw\Projects\Learning\codecoverage-lab\ReportComparison\CoverageDemo\Coverage\IfConditions.cs" line-rate="0.9134615384615384" branch-rate="0.75" complexity="153">
          <methods>
            <method name="Run" signature="()" line-rate="1" branch-rate="1" complexity="1">
              <lines>
                <line number="11" hits="1" branch="false" />
                <line number="12" hits="1" branch="false" />
                <line number="13" hits="1" branch="false" />
                <line number="14" hits="1" branch="false" />
                <line number="15" hits="1" branch="false" />
                <line number="16" hits="1" branch="false" />
                <line number="17" hits="1" branch="false" />
                <line number="18" hits="1" branch="false" />
                <line number="19" hits="1" branch="false" />
                <line number="20" hits="1" branch="false" />
                <line number="21" hits="1" branch="false" />
                <line number="22" hits="1" branch="false" />
                <line number="23" hits="1" branch="false" />
                <line number="24" hits="1" branch="false" />
                <line number="25" hits="1" branch="false" />
                <line number="26" hits="1" branch="false" />
                <line number="27" hits="1" branch="false" />
              </lines>
            </method>
            <method name="SingleCondition" signature="(CoverageDemo.MyInt)" line-rate="0.8695652173913043" branch-rate="0.75" complexity="24">
              <lines>
                <line number="31" hits="1" branch="false" />
                <line number="34" hits="1" branch="true" condition-coverage="100% (2/2)" />
                <line number="36" hits="1" branch="false" />
                <line number="40" hits="1" branch="false" />
                <line number="42" hits="1" branch="true" condition-coverage="100% (2/2)" />
                <line number="44" hits="1" branch="false" />
                <line number="46" hits="1" branch="true" condition-coverage="100% (2/2)" />
                <line number="47" hits="1" branch="true" condition-coverage="100% (2/2)" />
                <line number="50" hits="1" branch="true" condition-coverage="50% (1/2)" />
                <line number="52" hits="0" branch="false" />
                <line number="56" hits="1" branch="false" />
                <line number="58" hits="1" branch="true" condition-coverage="50% (1/2)" />
                <line number="60" hits="0" branch="false" />
                <line number="62" hits="1" branch="true" condition-coverage="50% (1/2)" />
                <line number="63" hits="1" branch="true" condition-coverage="50% (1/2)" />
                <line number="66" hits="1" branch="true" condition-coverage="50% (1/2)" />
                <line number="68" hits="1" branch="false" />
                <line number="72" hits="0" branch="false" />
                <line number="74" hits="1" branch="true" condition-coverage="100% (2/2)" />
                <line number="76" hits="1" branch="false" />
                <line number="78" hits="1" branch="true" condition-coverage="100% (2/2)" />
                <line number="79" hits="1" branch="true" condition-coverage="50% (1/2)" />
                <line number="80" hits="1" branch="false" />
              </lines>
            </method>
            <method name="MultiCondition" signature="(CoverageDemo.MyInt, CoverageDemo.MyInt)" line-rate="0.9" branch-rate="0.75" complexity="64">
              <lines>
                <line number="85" hits="1" branch="false" />
                <line number="88" hits="1" branch="true" condition-coverage="100% (4/4)" />
                <line number="90" hits="1" branch="false" />
                <line number="94" hits="1" branch="false" />
                <line number="96" hits="1" branch="true" condition-coverage="100% (4/4)" />
                <line number="98" hits="1" branch="false" />
                <line number="100" hits="1" branch="true" condition-coverage="100% (4/4)" />
                <line number="101" hits="1" branch="true" condition-coverage="100% (4/4)" />
                <line number="104" hits="1" branch="true" condition-coverage="100% (4/4)" />
                <line number="106" hits="1" branch="false" />
                <line number="110" hits="1" branch="false" />
                <line number="112" hits="1" branch="true" condition-coverage="100% (4/4)" />
                <line number="114" hits="1" branch="false" />
                <line number="116" hits="1" branch="true" condition-coverage="100% (4/4)" />
                <line number="117" hits="1" branch="true" condition-coverage="100% (4/4)" />
                <line number="120" hits="1" branch="true" condition-coverage="25% (1/4)" />
                <line number="122" hits="0" branch="false" />
                <line number="126" hits="1" branch="false" />
                <line number="128" hits="1" branch="true" condition-coverage="25% (1/4)" />
                <line number="130" hits="0" branch="false" />
                <line number="132" hits="1" branch="true" condition-coverage="25% (1/4)" />
                <line number="133" hits="1" branch="true" condition-coverage="25% (1/4)" />
                <line number="136" hits="1" branch="true" condition-coverage="50% (2/4)" />
                <line number="138" hits="1" branch="false" />
                <line number="142" hits="0" branch="false" />
                <line number="144" hits="1" branch="true" condition-coverage="100% (4/4)" />
                <line number="146" hits="1" branch="false" />
                <line number="148" hits="1" branch="true" condition-coverage="100% (4/4)" />
                <line number="149" hits="1" branch="true" condition-coverage="50% (2/4)" />
                <line number="150" hits="1" branch="false" />
              </lines>
            </method>
            <method name="PatternMatching" signature="(CoverageDemo.MyInt, CoverageDemo.MyInt, CoverageDemo.MyInt, CoverageDemo.MyInt)" line-rate="0.9117647058823529" branch-rate="0.75" complexity="64">
              <lines>
                <line number="155" hits="1" branch="false" />
                <line number="156" hits="1" branch="false" />
                <line number="157" hits="1" branch="false" />
                <line number="158" hits="1" branch="false" />
                <line number="159" hits="1" branch="false" />
                <line number="162" hits="1" branch="true" condition-coverage="100% (4/4)" />
                <line number="164" hits="1" branch="false" />
                <line number="168" hits="1" branch="false" />
                <line number="170" hits="1" branch="true" condition-coverage="100% (4/4)" />
                <line number="172" hits="1" branch="false" />
                <line number="174" hits="1" branch="true" condition-coverage="100% (4/4)" />
                <line number="175" hits="1" branch="true" condition-coverage="100% (4/4)" />
                <line number="178" hits="1" branch="true" condition-coverage="100% (4/4)" />
                <line number="180" hits="1" branch="false" />
                <line number="184" hits="1" branch="false" />
                <line number="186" hits="1" branch="true" condition-coverage="100% (4/4)" />
                <line number="188" hits="1" branch="false" />
                <line number="190" hits="1" branch="true" condition-coverage="100% (4/4)" />
                <line number="191" hits="1" branch="true" condition-coverage="100% (4/4)" />
                <line number="194" hits="1" branch="true" condition-coverage="25% (1/4)" />
                <line number="196" hits="0" branch="false" />
                <line number="200" hits="1" branch="false" />
                <line number="202" hits="1" branch="true" condition-coverage="25% (1/4)" />
                <line number="204" hits="0" branch="false" />
                <line number="206" hits="1" branch="true" condition-coverage="25% (1/4)" />
                <line number="207" hits="1" branch="true" condition-coverage="25% (1/4)" />
                <line number="210" hits="1" branch="true" condition-coverage="50% (2/4)" />
                <line number="212" hits="1" branch="false" />
                <line number="216" hits="0" branch="false" />
                <line number="218" hits="1" branch="true" condition-coverage="100% (4/4)" />
                <line number="220" hits="1" branch="false" />
                <line number="222" hits="1" branch="true" condition-coverage="100% (4/4)" />
                <line number="223" hits="1" branch="true" condition-coverage="50% (2/4)" />
                <line number="224" hits="1" branch="false" />
              </lines>
            </method>
          </methods>
          <lines>
            <line number="11" hits="1" branch="false" />
            <line number="12" hits="1" branch="false" />
            <line number="13" hits="1" branch="false" />
            <line number="14" hits="1" branch="false" />
            <line number="15" hits="1" branch="false" />
            <line number="16" hits="1" branch="false" />
            <line number="17" hits="1" branch="false" />
            <line number="18" hits="1" branch="false" />
            <line number="19" hits="1" branch="false" />
            <line number="20" hits="1" branch="false" />
            <line number="21" hits="1" branch="false" />
            <line number="22" hits="1" branch="false" />
            <line number="23" hits="1" branch="false" />
            <line number="24" hits="1" branch="false" />
            <line number="25" hits="1" branch="false" />
            <line number="26" hits="1" branch="false" />
            <line number="27" hits="1" branch="false" />
            <line number="31" hits="1" branch="false" />
            <line number="34" hits="1" branch="true" condition-coverage="100% (2/2)" />
            <line number="36" hits="1" branch="false" />
            <line number="40" hits="1" branch="false" />
            <line number="42" hits="1" branch="true" condition-coverage="100% (2/2)" />
            <line number="44" hits="1" branch="false" />
            <line number="46" hits="1" branch="true" condition-coverage="100% (2/2)" />
            <line number="47" hits="1" branch="true" condition-coverage="100% (2/2)" />
            <line number="50" hits="1" branch="true" condition-coverage="50% (1/2)" />
            <line number="52" hits="0" branch="false" />
            <line number="56" hits="1" branch="false" />
            <line number="58" hits="1" branch="true" condition-coverage="50% (1/2)" />
            <line number="60" hits="0" branch="false" />
            <line number="62" hits="1" branch="true" condition-coverage="50% (1/2)" />
            <line number="63" hits="1" branch="true" condition-coverage="50% (1/2)" />
            <line number="66" hits="1" branch="true" condition-coverage="50% (1/2)" />
            <line number="68" hits="1" branch="false" />
            <line number="72" hits="0" branch="false" />
            <line number="74" hits="1" branch="true" condition-coverage="100% (2/2)" />
            <line number="76" hits="1" branch="false" />
            <line number="78" hits="1" branch="true" condition-coverage="100% (2/2)" />
            <line number="79" hits="1" branch="true" condition-coverage="50% (1/2)" />
            <line number="80" hits="1" branch="false" />
            <line number="85" hits="1" branch="false" />
            <line number="88" hits="1" branch="true" condition-coverage="100% (4/4)" />
            <line number="90" hits="1" branch="false" />
            <line number="94" hits="1" branch="false" />
            <line number="96" hits="1" branch="true" condition-coverage="100% (4/4)" />
            <line number="98" hits="1" branch="false" />
            <line number="100" hits="1" branch="true" condition-coverage="100% (4/4)" />
            <line number="101" hits="1" branch="true" condition-coverage="100% (4/4)" />
            <line number="104" hits="1" branch="true" condition-coverage="100% (4/4)" />
            <line number="106" hits="1" branch="false" />
            <line number="110" hits="1" branch="false" />
            <line number="112" hits="1" branch="true" condition-coverage="100% (4/4)" />
            <line number="114" hits="1" branch="false" />
            <line number="116" hits="1" branch="true" condition-coverage="100% (4/4)" />
            <line number="117" hits="1" branch="true" condition-coverage="100% (4/4)" />
            <line number="120" hits="1" branch="true" condition-coverage="25% (1/4)" />
            <line number="122" hits="0" branch="false" />
            <line number="126" hits="1" branch="false" />
            <line number="128" hits="1" branch="true" condition-coverage="25% (1/4)" />
            <line number="130" hits="0" branch="false" />
            <line number="132" hits="1" branch="true" condition-coverage="25% (1/4)" />
            <line number="133" hits="1" branch="true" condition-coverage="25% (1/4)" />
            <line number="136" hits="1" branch="true" condition-coverage="50% (2/4)" />
            <line number="138" hits="1" branch="false" />
            <line number="142" hits="0" branch="false" />
            <line number="144" hits="1" branch="true" condition-coverage="100% (4/4)" />
            <line number="146" hits="1" branch="false" />
            <line number="148" hits="1" branch="true" condition-coverage="100% (4/4)" />
            <line number="149" hits="1" branch="true" condition-coverage="50% (2/4)" />
            <line number="150" hits="1" branch="false" />
            <line number="155" hits="1" branch="false" />
            <line number="156" hits="1" branch="false" />
            <line number="157" hits="1" branch="false" />
            <line number="158" hits="1" branch="false" />
            <line number="159" hits="1" branch="false" />
            <line number="162" hits="1" branch="true" condition-coverage="100% (4/4)" />
            <line number="164" hits="1" branch="false" />
            <line number="168" hits="1" branch="false" />
            <line number="170" hits="1" branch="true" condition-coverage="100% (4/4)" />
            <line number="172" hits="1" branch="false" />
            <line number="174" hits="1" branch="true" condition-coverage="100% (4/4)" />
            <line number="175" hits="1" branch="true" condition-coverage="100% (4/4)" />
            <line number="178" hits="1" branch="true" condition-coverage="100% (4/4)" />
            <line number="180" hits="1" branch="false" />
            <line number="184" hits="1" branch="false" />
            <line number="186" hits="1" branch="true" condition-coverage="100% (4/4)" />
            <line number="188" hits="1" branch="false" />
            <line number="190" hits="1" branch="true" condition-coverage="100% (4/4)" />
            <line number="191" hits="1" branch="true" condition-coverage="100% (4/4)" />
            <line number="194" hits="1" branch="true" condition-coverage="25% (1/4)" />
            <line number="196" hits="0" branch="false" />
            <line number="200" hits="1" branch="false" />
            <line number="202" hits="1" branch="true" condition-coverage="25% (1/4)" />
            <line number="204" hits="0" branch="false" />
            <line number="206" hits="1" branch="true" condition-coverage="25% (1/4)" />
            <line number="207" hits="1" branch="true" condition-coverage="25% (1/4)" />
            <line number="210" hits="1" branch="true" condition-coverage="50% (2/4)" />
            <line number="212" hits="1" branch="false" />
            <line number="216" hits="0" branch="false" />
            <line number="218" hits="1" branch="true" condition-coverage="100% (4/4)" />
            <line number="220" hits="1" branch="false" />
            <line number="222" hits="1" branch="true" condition-coverage="100% (4/4)" />
            <line number="223" hits="1" branch="true" condition-coverage="50% (2/4)" />
            <line number="224" hits="1" branch="false" />
          </lines>
        </class>
        <class name="CoverageDemo.Coverage.Lambdas" filename="C:\Users\mw\Projects\Learning\codecoverage-lab\ReportComparison\CoverageDemo\Coverage\Lambdas.cs" line-rate="1" branch-rate="1" complexity="14">
          <methods>
            <method name="Run" signature="()" line-rate="1" branch-rate="1" complexity="1">
              <lines>
                <line number="14" hits="1" branch="false" />
                <line number="15" hits="1" branch="false" />
                <line number="16" hits="1" branch="false" />
                <line number="17" hits="1" branch="false" />
                <line number="18" hits="1" branch="false" />
              </lines>
            </method>
            <method name="LambdaFull" signature="(CoverageDemo.MyInt)" line-rate="1" branch-rate="1" complexity="8">
              <lines>
                <line number="22" hits="1" branch="true" condition-coverage="100% (2/2)" />
                <line number="23" hits="1" branch="true" condition-coverage="100% (2/2)" />
                <line number="24" hits="1" branch="false" />
                <line number="26" hits="1" branch="false" />
                <line number="27" hits="1" branch="false" />
                <line number="28" hits="1" branch="true" condition-coverage="100% (2/2)" />
                <line number="29" hits="1" branch="true" condition-coverage="100% (2/2)" />
                <line number="30" hits="1" branch="false" />
                <line number="32" hits="1" branch="false" />
                <line number="34" hits="1" branch="false" />
                <line number="35" hits="1" branch="false" />
                <line number="36" hits="1" branch="false" />
                <line number="38" hits="1" branch="false" />
                <line number="39" hits="1" branch="false" />
                <line number="40" hits="1" branch="false" />
                <line number="41" hits="1" branch="false" />
              </lines>
            </method>
            <method name="LambdaPartial" signature="(CoverageDemo.MyInt)" line-rate="1" branch-rate="1" complexity="4">
              <lines>
                <line number="47" hits="1" branch="true" condition-coverage="100% (2/2)" />
                <line number="48" hits="1" branch="true" condition-coverage="100% (2/2)" />
                <line number="49" hits="1" branch="false" />
                <line number="51" hits="1" branch="false" />
                <line number="53" hits="1" branch="false" />
                <line number="54" hits="1" branch="false" />
                <line number="55" hits="1" branch="false" />
                <line number="57" hits="1" branch="false" />
                <line number="58" hits="1" branch="false" />
                <line number="59" hits="1" branch="false" />
                <line number="60" hits="1" branch="false" />
              </lines>
            </method>
            <method name="CallLambda" signature="(System.Func&lt;CoverageDemo.MyInt, CoverageDemo.MyInt&gt;, CoverageDemo.MyInt)" line-rate="1" branch-rate="1" complexity="1">
              <lines>
                <line number="66" hits="1" branch="false" />
              </lines>
            </method>
          </methods>
          <lines>
            <line number="14" hits="1" branch="false" />
            <line number="15" hits="1" branch="false" />
            <line number="16" hits="1" branch="false" />
            <line number="17" hits="1" branch="false" />
            <line number="18" hits="1" branch="false" />
            <line number="22" hits="1" branch="true" condition-coverage="100% (2/2)" />
            <line number="23" hits="1" branch="true" condition-coverage="100% (2/2)" />
            <line number="24" hits="1" branch="false" />
            <line number="26" hits="1" branch="false" />
            <line number="27" hits="1" branch="false" />
            <line number="28" hits="1" branch="true" condition-coverage="100% (2/2)" />
            <line number="29" hits="1" branch="true" condition-coverage="100% (2/2)" />
            <line number="30" hits="1" branch="false" />
            <line number="32" hits="1" branch="false" />
            <line number="34" hits="1" branch="false" />
            <line number="35" hits="1" branch="false" />
            <line number="36" hits="1" branch="false" />
            <line number="38" hits="1" branch="false" />
            <line number="39" hits="1" branch="false" />
            <line number="40" hits="1" branch="false" />
            <line number="41" hits="1" branch="false" />
            <line number="47" hits="1" branch="true" condition-coverage="100% (2/2)" />
            <line number="48" hits="1" branch="true" condition-coverage="100% (2/2)" />
            <line number="49" hits="1" branch="false" />
            <line number="51" hits="1" branch="false" />
            <line number="53" hits="1" branch="false" />
            <line number="54" hits="1" branch="false" />
            <line number="55" hits="1" branch="false" />
            <line number="57" hits="1" branch="false" />
            <line number="58" hits="1" branch="false" />
            <line number="59" hits="1" branch="false" />
            <line number="60" hits="1" branch="false" />
            <line number="66" hits="1" branch="false" />
          </lines>
        </class>
        <class name="CoverageDemo.Coverage.Lambdas.&lt;&gt;c" filename="C:\Users\mw\Projects\Learning\codecoverage-lab\ReportComparison\CoverageDemo\Coverage\Lambdas.cs" line-rate="0.9" branch-rate="0.75" complexity="10">
          <methods>
            <method name="&lt;LambdaFull&gt;b__1_0" signature="(CoverageDemo.MyInt)" line-rate="1" branch-rate="1" complexity="1">
              <lines>
                <line number="22" hits="1" branch="false" />
              </lines>
            </method>
            <method name="&lt;LambdaFull&gt;b__1_1" signature="(CoverageDemo.MyInt)" line-rate="1" branch-rate="1" complexity="1">
              <lines>
                <line number="25" hits="1" branch="false" />
              </lines>
            </method>
            <method name="&lt;LambdaFull&gt;b__1_2" signature="(CoverageDemo.MyInt)" line-rate="1" branch-rate="1" complexity="2">
              <lines>
                <line number="28" hits="1" branch="true" condition-coverage="100% (2/2)" />
              </lines>
            </method>
            <method name="&lt;LambdaFull&gt;b__1_3" signature="(CoverageDemo.MyInt)" line-rate="1" branch-rate="1" complexity="2">
              <lines>
                <line number="31" hits="1" branch="true" condition-coverage="100% (2/2)" />
                <line number="33" hits="1" branch="false" />
                <line number="37" hits="1" branch="false" />
              </lines>
            </method>
            <method name="&lt;LambdaPartial&gt;b__2_0" signature="(CoverageDemo.MyInt)" line-rate="1" branch-rate="0.5" complexity="2">
              <lines>
                <line number="47" hits="1" branch="true" condition-coverage="50% (1/2)" />
              </lines>
            </method>
            <method name="&lt;LambdaPartial&gt;b__2_1" signature="(CoverageDemo.MyInt)" line-rate="0.6666666666666666" branch-rate="0.5" complexity="2">
              <lines>
                <line number="50" hits="1" branch="true" condition-coverage="50% (1/2)" />
                <line number="52" hits="1" branch="false" />
                <line number="56" hits="0" branch="false" />
              </lines>
            </method>
          </methods>
          <lines>
            <line number="22" hits="1" branch="false" />
            <line number="25" hits="1" branch="false" />
            <line number="28" hits="1" branch="true" condition-coverage="100% (2/2)" />
            <line number="31" hits="1" branch="true" condition-coverage="100% (2/2)" />
            <line number="33" hits="1" branch="false" />
            <line number="37" hits="1" branch="false" />
            <line number="47" hits="1" branch="true" condition-coverage="50% (1/2)" />
            <line number="50" hits="1" branch="true" condition-coverage="50% (1/2)" />
            <line number="52" hits="1" branch="false" />
            <line number="56" hits="0" branch="false" />
          </lines>
        </class>
        <class name="CoverageDemo.Coverage.LoopConditions" filename="C:\Users\mw\Projects\Learning\codecoverage-lab\ReportComparison\CoverageDemo\Coverage\LoopConditions.cs" line-rate="0.8222222222222222" branch-rate="0.7083333333333334" complexity="25">
          <methods>
            <method name="Run" signature="()" line-rate="1" branch-rate="1" complexity="1">
              <lines>
                <line number="15" hits="1" branch="false" />
                <line number="16" hits="1" branch="false" />
                <line number="17" hits="1" branch="false" />
                <line number="18" hits="1" branch="false" />
                <line number="19" hits="1" branch="false" />
                <line number="20" hits="1" branch="false" />
              </lines>
            </method>
            <method name="ForLoop" signature="(CoverageDemo.MyInt, CoverageDemo.MyInt)" line-rate="0.7142857142857143" branch-rate="0.6666666666666666" complexity="6">
              <lines>
                <line number="25" hits="1" branch="true" condition-coverage="50% (1/2)" />
                <line number="27" hits="0" branch="false" />
                <line number="31" hits="1" branch="true" condition-coverage="100% (2/2)" />
                <line number="33" hits="1" branch="false" />
                <line number="37" hits="1" branch="true" condition-coverage="50% (1/2)" />
                <line number="39" hits="1" branch="false" />
                <line number="41" hits="0" branch="false" />
              </lines>
            </method>
            <method name="ForeachLoop" signature="(System.Collections.Generic.IEnumerable&lt;CoverageDemo.MyInt&gt;, System.Collections.Generic.IEnumerable&lt;CoverageDemo.MyInt&gt;)" line-rate="0.7142857142857143" branch-rate="0.6666666666666666" complexity="6">
              <lines>
                <line number="46" hits="1" branch="true" condition-coverage="50% (1/2)" />
                <line number="48" hits="0" branch="false" />
                <line number="52" hits="1" branch="true" condition-coverage="100% (2/2)" />
                <line number="54" hits="1" branch="false" />
                <line number="58" hits="1" branch="true" condition-coverage="50% (1/2)" />
                <line number="60" hits="1" branch="false" />
                <line number="62" hits="0" branch="false" />
              </lines>
            </method>
            <method name="WhileLoop" signature="(CoverageDemo.MyInt, CoverageDemo.MyInt)" line-rate="0.7692307692307693" branch-rate="0.6666666666666666" complexity="6">
              <lines>
                <line number="67" hits="1" branch="false" />
                <line number="68" hits="1" branch="true" condition-coverage="50% (1/2)" />
                <line number="70" hits="0" branch="false" />
                <line number="71" hits="0" branch="false" />
                <line number="75" hits="1" branch="false" />
                <line number="76" hits="1" branch="true" condition-coverage="100% (2/2)" />
                <line number="78" hits="1" branch="false" />
                <line number="79" hits="1" branch="false" />
                <line number="83" hits="1" branch="false" />
                <line number="84" hits="1" branch="true" condition-coverage="50% (1/2)" />
                <line number="86" hits="1" branch="false" />
                <line number="87" hits="1" branch="false" />
                <line number="89" hits="0" branch="false" />
              </lines>
            </method>
            <method name="DoWhileLoop" signature="(CoverageDemo.MyInt)" line-rate="0.8888888888888888" branch-rate="0.75" complexity="4">
              <lines>
                <line number="94" hits="1" branch="false" />
                <line number="97" hits="1" branch="false" />
                <line number="98" hits="1" branch="false" />
                <line number="99" hits="1" branch="true" condition-coverage="100% (2/2)" />
                <line number="102" hits="1" branch="false" />
                <line number="105" hits="1" branch="false" />
                <line number="106" hits="1" branch="false" />
                <line number="107" hits="1" branch="true" condition-coverage="50% (1/2)" />
                <line number="108" hits="0" branch="false" />
              </lines>
            </method>
            <method name="ThrowIf" signature="(CoverageDemo.MyBool)" line-rate="1" branch-rate="1" complexity="2">
              <lines>
                <line number="114" hits="1" branch="true" condition-coverage="100% (2/2)" />
                <line number="116" hits="1" branch="false" />
                <line number="118" hits="1" branch="false" />
              </lines>
            </method>
          </methods>
          <lines>
            <line number="15" hits="1" branch="false" />
            <line number="16" hits="1" branch="false" />
            <line number="17" hits="1" branch="false" />
            <line number="18" hits="1" branch="false" />
            <line number="19" hits="1" branch="false" />
            <line number="20" hits="1" branch="false" />
            <line number="25" hits="1" branch="true" condition-coverage="50% (1/2)" />
            <line number="27" hits="0" branch="false" />
            <line number="31" hits="1" branch="true" condition-coverage="100% (2/2)" />
            <line number="33" hits="1" branch="false" />
            <line number="37" hits="1" branch="true" condition-coverage="50% (1/2)" />
            <line number="39" hits="1" branch="false" />
            <line number="41" hits="0" branch="false" />
            <line number="46" hits="1" branch="true" condition-coverage="50% (1/2)" />
            <line number="48" hits="0" branch="false" />
            <line number="52" hits="1" branch="true" condition-coverage="100% (2/2)" />
            <line number="54" hits="1" branch="false" />
            <line number="58" hits="1" branch="true" condition-coverage="50% (1/2)" />
            <line number="60" hits="1" branch="false" />
            <line number="62" hits="0" branch="false" />
            <line number="67" hits="1" branch="false" />
            <line number="68" hits="1" branch="true" condition-coverage="50% (1/2)" />
            <line number="70" hits="0" branch="false" />
            <line number="71" hits="0" branch="false" />
            <line number="75" hits="1" branch="false" />
            <line number="76" hits="1" branch="true" condition-coverage="100% (2/2)" />
            <line number="78" hits="1" branch="false" />
            <line number="79" hits="1" branch="false" />
            <line number="83" hits="1" branch="false" />
            <line number="84" hits="1" branch="true" condition-coverage="50% (1/2)" />
            <line number="86" hits="1" branch="false" />
            <line number="87" hits="1" branch="false" />
            <line number="89" hits="0" branch="false" />
            <line number="94" hits="1" branch="false" />
            <line number="97" hits="1" branch="false" />
            <line number="98" hits="1" branch="false" />
            <line number="99" hits="1" branch="true" condition-coverage="100% (2/2)" />
            <line number="102" hits="1" branch="false" />
            <line number="105" hits="1" branch="false" />
            <line number="106" hits="1" branch="false" />
            <line number="107" hits="1" branch="true" condition-coverage="50% (1/2)" />
            <line number="108" hits="0" branch="false" />
            <line number="114" hits="1" branch="true" condition-coverage="100% (2/2)" />
            <line number="116" hits="1" branch="false" />
            <line number="118" hits="1" branch="false" />
          </lines>
        </class>
        <class name="CoverageDemo.Coverage.MiscStuff" filename="C:\Users\mw\Projects\Learning\codecoverage-lab\ReportComparison\CoverageDemo\Coverage\_Pending.cs" line-rate="0.8333333333333334" branch-rate="0.5" complexity="9">
          <methods>
            <method name="Run" signature="()" line-rate="1" branch-rate="1" complexity="1">
              <lines>
                <line number="74" hits="1" branch="false" />
                <line number="75" hits="1" branch="false" />
                <line number="76" hits="1" branch="false" />
                <line number="77" hits="1" branch="false" />
                <line number="78" hits="1" branch="false" />
              </lines>
            </method>
            <method name="Method1" signature="()" line-rate="0.5" branch-rate="1" complexity="1">
              <lines>
                <line number="82" hits="1" branch="false" />
                <line number="83" hits="0" branch="false" />
              </lines>
            </method>
            <method name="Method2" signature="()" line-rate="1" branch-rate="1" complexity="1">
              <lines>
                <line number="85" hits="1" branch="false" />
              </lines>
            </method>
            <method name="Method3" signature="()" line-rate="1" branch-rate="1" complexity="1">
              <lines>
                <line number="87" hits="1" branch="false" />
              </lines>
            </method>
            <method name="Method4" signature="()" line-rate="1" branch-rate="1" complexity="1">
              <lines>
                <line number="87" hits="1" branch="false" />
              </lines>
            </method>
            <method name="Method5" signature="()" line-rate="1" branch-rate="1" complexity="1">
              <lines>
                <line number="88" hits="1" branch="false" />
              </lines>
            </method>
            <method name="Method6" signature="()" line-rate="1" branch-rate="1" complexity="1">
              <lines>
                <line number="88" hits="1" branch="false" />
              </lines>
            </method>
            <method name="ThrowIf" signature="(CoverageDemo.MyBool)" line-rate="0.5" branch-rate="0.5" complexity="2">
              <lines>
                <line number="93" hits="1" branch="true" condition-coverage="50% (1/2)" />
                <line number="94" hits="0" branch="false" />
              </lines>
            </method>
          </methods>
          <lines>
            <line number="74" hits="1" branch="false" />
            <line number="75" hits="1" branch="false" />
            <line number="76" hits="1" branch="false" />
            <line number="77" hits="1" branch="false" />
            <line number="78" hits="1" branch="false" />
            <line number="82" hits="1" branch="false" />
            <line number="83" hits="0" branch="false" />
            <line number="85" hits="1" branch="false" />
            <line number="87" hits="1" branch="false" />
            <line number="88" hits="1" branch="false" />
            <line number="93" hits="1" branch="true" condition-coverage="50% (1/2)" />
            <line number="94" hits="0" branch="false" />
          </lines>
        </class>
        <class name="CoverageDemo.Coverage.NullConditions" filename="C:\Users\mw\Projects\Learning\codecoverage-lab\ReportComparison\CoverageDemo\Coverage\NullConditions.cs" line-rate="1" branch-rate="0.5806451612903226" complexity="67">
          <methods>
            <method name="Run" signature="()" line-rate="1" branch-rate="1" complexity="1">
              <lines>
                <line number="11" hits="1" branch="false" />
                <line number="12" hits="1" branch="false" />
                <line number="13" hits="1" branch="false" />
                <line number="14" hits="1" branch="false" />
                <line number="15" hits="1" branch="false" />
                <line number="16" hits="1" branch="false" />
                <line number="17" hits="1" branch="false" />
                <line number="18" hits="1" branch="false" />
                <line number="19" hits="1" branch="false" />
                <line number="20" hits="1" branch="false" />
                <line number="21" hits="1" branch="false" />
                <line number="22" hits="1" branch="false" />
                <line number="23" hits="1" branch="false" />
                <line number="24" hits="1" branch="false" />
                <line number="25" hits="1" branch="false" />
              </lines>
            </method>
            <method name="get_Next" signature="()" line-rate="1" branch-rate="1" complexity="1">
              <lines>
                <line number="27" hits="1" branch="false" />
              </lines>
            </method>
            <method name="set_Next" signature="(CoverageDemo.Coverage.NullConditions)" line-rate="1" branch-rate="1" complexity="1">
              <lines>
                <line number="27" hits="1" branch="false" />
              </lines>
            </method>
            <method name="get_Value" signature="()" line-rate="1" branch-rate="1" complexity="1">
              <lines>
                <line number="28" hits="1" branch="false" />
              </lines>
            </method>
            <method name="set_Value" signature="(CoverageDemo.MyString)" line-rate="1" branch-rate="1" complexity="1">
              <lines>
                <line number="28" hits="1" branch="false" />
              </lines>
            </method>
            <method name="NullCoalescingUnary" signature="(CoverageDemo.MyString, CoverageDemo.MyString, CoverageDemo.MyString)" line-rate="1" branch-rate="0.8333333333333334" complexity="6">
              <lines>
                <line number="32" hits="1" branch="false" />
                <line number="33" hits="1" branch="false" />
                <line number="34" hits="1" branch="false" />
                <line number="36" hits="1" branch="true" condition-coverage="100% (2/2)" />
                <line number="38" hits="1" branch="true" condition-coverage="100% (2/2)" />
                <line number="40" hits="1" branch="true" condition-coverage="50% (1/2)" />
                <line number="41" hits="1" branch="false" />
              </lines>
            </method>
            <method name="NullCoalescingBinary" signature="(CoverageDemo.MyString, CoverageDemo.MyString, CoverageDemo.MyString)" line-rate="1" branch-rate="0.8333333333333334" complexity="6">
              <lines>
                <line number="47" hits="1" branch="true" condition-coverage="100% (2/2)" />
                <line number="49" hits="1" branch="true" condition-coverage="100% (2/2)" />
                <line number="51" hits="1" branch="true" condition-coverage="50% (1/2)" />
                <line number="52" hits="1" branch="false" />
              </lines>
            </method>
            <method name="NullConditional" signature="(CoverageDemo.Coverage.NullConditions, CoverageDemo.Coverage.NullConditions, CoverageDemo.Coverage.NullConditions)" line-rate="1" branch-rate="0.6666666666666666" complexity="12">
              <lines>
                <line number="58" hits="1" branch="true" condition-coverage="100% (4/4)" />
                <line number="60" hits="1" branch="true" condition-coverage="50% (2/4)" />
                <line number="62" hits="1" branch="true" condition-coverage="50% (2/4)" />
                <line number="63" hits="1" branch="false" />
              </lines>
            </method>
            <method name="NullConditionalAssignment" signature="(CoverageDemo.Coverage.NullConditions, CoverageDemo.Coverage.NullConditions, CoverageDemo.Coverage.NullConditions)" line-rate="1" branch-rate="0.8333333333333334" complexity="6">
              <lines>
                <line number="69" hits="1" branch="true" condition-coverage="100% (2/2)" />
                <line number="71" hits="1" branch="true" condition-coverage="50% (1/2)" />
                <line number="73" hits="1" branch="true" condition-coverage="100% (2/2)" />
                <line number="74" hits="1" branch="false" />
              </lines>
            </method>
            <method name="ChainedNullConditionals" signature="(CoverageDemo.Coverage.NullConditions, CoverageDemo.Coverage.NullConditions, CoverageDemo.Coverage.NullConditions, CoverageDemo.Coverage.NullConditions)" line-rate="1" branch-rate="0.40625" complexity="32">
              <lines>
                <line number="83" hits="1" branch="true" condition-coverage="50% (4/8)" />
                <line number="85" hits="1" branch="true" condition-coverage="50% (4/8)" />
                <line number="87" hits="1" branch="true" condition-coverage="38% (3/8)" />
                <line number="89" hits="1" branch="true" condition-coverage="25% (2/8)" />
                <line number="90" hits="1" branch="false" />
              </lines>
            </method>
          </methods>
          <lines>
            <line number="11" hits="1" branch="false" />
            <line number="12" hits="1" branch="false" />
            <line number="13" hits="1" branch="false" />
            <line number="14" hits="1" branch="false" />
            <line number="15" hits="1" branch="false" />
            <line number="16" hits="1" branch="false" />
            <line number="17" hits="1" branch="false" />
            <line number="18" hits="1" branch="false" />
            <line number="19" hits="1" branch="false" />
            <line number="20" hits="1" branch="false" />
            <line number="21" hits="1" branch="false" />
            <line number="22" hits="1" branch="false" />
            <line number="23" hits="1" branch="false" />
            <line number="24" hits="1" branch="false" />
            <line number="25" hits="1" branch="false" />
            <line number="27" hits="1" branch="false" />
            <line number="28" hits="1" branch="false" />
            <line number="32" hits="1" branch="false" />
            <line number="33" hits="1" branch="false" />
            <line number="34" hits="1" branch="false" />
            <line number="36" hits="1" branch="true" condition-coverage="100% (2/2)" />
            <line number="38" hits="1" branch="true" condition-coverage="100% (2/2)" />
            <line number="40" hits="1" branch="true" condition-coverage="50% (1/2)" />
            <line number="41" hits="1" branch="false" />
            <line number="47" hits="1" branch="true" condition-coverage="100% (2/2)" />
            <line number="49" hits="1" branch="true" condition-coverage="100% (2/2)" />
            <line number="51" hits="1" branch="true" condition-coverage="50% (1/2)" />
            <line number="52" hits="1" branch="false" />
            <line number="58" hits="1" branch="true" condition-coverage="100% (4/4)" />
            <line number="60" hits="1" branch="true" condition-coverage="50% (2/4)" />
            <line number="62" hits="1" branch="true" condition-coverage="50% (2/4)" />
            <line number="63" hits="1" branch="false" />
            <line number="69" hits="1" branch="true" condition-coverage="100% (2/2)" />
            <line number="71" hits="1" branch="true" condition-coverage="50% (1/2)" />
            <line number="73" hits="1" branch="true" condition-coverage="100% (2/2)" />
            <line number="74" hits="1" branch="false" />
            <line number="83" hits="1" branch="true" condition-coverage="50% (4/8)" />
            <line number="85" hits="1" branch="true" condition-coverage="50% (4/8)" />
            <line number="87" hits="1" branch="true" condition-coverage="38% (3/8)" />
            <line number="89" hits="1" branch="true" condition-coverage="25% (2/8)" />
            <line number="90" hits="1" branch="false" />
          </lines>
        </class>
        <class name="CoverageDemo.Coverage.Properties" filename="C:\Users\mw\Projects\Learning\codecoverage-lab\ReportComparison\CoverageDemo\Coverage\Properties.cs" line-rate="0.8823529411764706" branch-rate="1" complexity="13">
          <methods>
            <method name="Run" signature="()" line-rate="1" branch-rate="1" complexity="1">
              <lines>
                <line number="15" hits="1" branch="false" />
                <line number="16" hits="1" branch="false" />
                <line number="17" hits="1" branch="false" />
                <line number="18" hits="1" branch="false" />
                <line number="19" hits="1" branch="false" />
                <line number="20" hits="1" branch="false" />
                <line number="21" hits="1" branch="false" />
                <line number="22" hits="1" branch="false" />
              </lines>
            </method>
            <method name="get_GetSet1" signature="()" line-rate="1" branch-rate="1" complexity="1">
              <lines>
                <line number="24" hits="1" branch="false" />
              </lines>
            </method>
            <method name="set_GetSet1" signature="(CoverageDemo.MyBool)" line-rate="1" branch-rate="1" complexity="1">
              <lines>
                <line number="24" hits="1" branch="false" />
              </lines>
            </method>
            <method name="get_GetOnly1" signature="()" line-rate="1" branch-rate="1" complexity="1">
              <lines>
                <line number="25" hits="1" branch="false" />
              </lines>
            </method>
            <method name="set_GetOnly1" signature="(CoverageDemo.MyBool)" line-rate="1" branch-rate="1" complexity="1">
              <lines>
                <line number="25" hits="1" branch="false" />
              </lines>
            </method>
            <method name="get_SetOnly1" signature="()" line-rate="1" branch-rate="1" complexity="1">
              <lines>
                <line number="26" hits="1" branch="false" />
              </lines>
            </method>
            <method name="set_SetOnly1" signature="(CoverageDemo.MyBool)" line-rate="1" branch-rate="1" complexity="1">
              <lines>
                <line number="26" hits="1" branch="false" />
              </lines>
            </method>
            <method name="get_GetSet2" signature="()" line-rate="1" branch-rate="1" complexity="1">
              <lines>
                <line number="29" hits="1" branch="false" />
              </lines>
            </method>
            <method name="set_GetSet2" signature="(CoverageDemo.MyBool)" line-rate="1" branch-rate="1" complexity="1">
              <lines>
                <line number="30" hits="1" branch="false" />
              </lines>
            </method>
            <method name="get_GetOnly2" signature="()" line-rate="1" branch-rate="1" complexity="1">
              <lines>
                <line number="34" hits="1" branch="false" />
              </lines>
            </method>
            <method name="set_GetOnly2" signature="(CoverageDemo.MyBool)" line-rate="0" branch-rate="1" complexity="1">
              <lines>
                <line number="35" hits="0" branch="false" />
              </lines>
            </method>
            <method name="get_SetOnly2" signature="()" line-rate="0" branch-rate="1" complexity="1">
              <lines>
                <line number="39" hits="0" branch="false" />
              </lines>
            </method>
            <method name="set_SetOnly2" signature="(CoverageDemo.MyBool)" line-rate="1" branch-rate="1" complexity="1">
              <lines>
                <line number="40" hits="1" branch="false" />
              </lines>
            </method>
          </methods>
          <lines>
            <line number="15" hits="1" branch="false" />
            <line number="16" hits="1" branch="false" />
            <line number="17" hits="1" branch="false" />
            <line number="18" hits="1" branch="false" />
            <line number="19" hits="1" branch="false" />
            <line number="20" hits="1" branch="false" />
            <line number="21" hits="1" branch="false" />
            <line number="22" hits="1" branch="false" />
            <line number="24" hits="1" branch="false" />
            <line number="25" hits="1" branch="false" />
            <line number="26" hits="1" branch="false" />
            <line number="29" hits="1" branch="false" />
            <line number="30" hits="1" branch="false" />
            <line number="34" hits="1" branch="false" />
            <line number="35" hits="0" branch="false" />
            <line number="39" hits="0" branch="false" />
            <line number="40" hits="1" branch="false" />
          </lines>
        </class>
        <class name="CoverageDemo.Coverage.SwitchConditions" filename="C:\Users\mw\Projects\Learning\codecoverage-lab\ReportComparison\CoverageDemo\Coverage\SwitchConditions.cs" line-rate="0.8103448275862069" branch-rate="0.7333333333333333" complexity="30">
          <methods>
            <method name="Run" signature="()" line-rate="1" branch-rate="1" complexity="6">
              <lines>
                <line number="11" hits="1" branch="false" />
                <line number="12" hits="1" branch="true" condition-coverage="100% (2/2)" />
                <line number="14" hits="1" branch="false" />
                <line number="15" hits="1" branch="false" />
                <line number="16" hits="1" branch="true" condition-coverage="100% (4/4)" />
                <line number="18" hits="1" branch="false" />
                <line number="19" hits="1" branch="false" />
                <line number="22" hits="1" branch="false" />
              </lines>
            </method>
            <method name="SwitchStatementFull" signature="(CoverageDemo.MyInt)" line-rate="1" branch-rate="1" complexity="6">
              <lines>
                <line number="26" hits="1" branch="false" />
                <line number="27" hits="1" branch="true" condition-coverage="100% (6/6)" />
                <line number="30" hits="1" branch="false" />
                <line number="31" hits="1" branch="false" />
                <line number="33" hits="1" branch="false" />
                <line number="34" hits="1" branch="false" />
                <line number="36" hits="1" branch="false" />
                <line number="37" hits="1" branch="false" />
                <line number="39" hits="1" branch="false" />
                <line number="40" hits="1" branch="false" />
                <line number="42" hits="1" branch="false" />
                <line number="43" hits="1" branch="false" />
                <line number="45" hits="1" branch="false" />
                <line number="48" hits="1" branch="false" />
              </lines>
            </method>
            <method name="SwitchStatementPartial" signature="(CoverageDemo.MyInt)" line-rate="0.5" branch-rate="0.3333333333333333" complexity="6">
              <lines>
                <line number="53" hits="1" branch="false" />
                <line number="54" hits="1" branch="true" condition-coverage="33% (2/6)" />
                <line number="57" hits="0" branch="false" />
                <line number="58" hits="0" branch="false" />
                <line number="60" hits="0" branch="false" />
                <line number="61" hits="0" branch="false" />
                <line number="63" hits="1" branch="false" />
                <line number="64" hits="1" branch="false" />
                <line number="66" hits="1" branch="false" />
                <line number="67" hits="1" branch="false" />
                <line number="69" hits="0" branch="false" />
                <line number="70" hits="0" branch="false" />
                <line number="72" hits="0" branch="false" />
                <line number="75" hits="1" branch="false" />
              </lines>
            </method>
            <method name="SwitchExpressionFull" signature="(CoverageDemo.MyInt)" line-rate="1" branch-rate="1" complexity="6">
              <lines>
                <line number="80" hits="1" branch="false" />
                <line number="81" hits="1" branch="true" condition-coverage="100% (6/6)" />
                <line number="82" hits="1" branch="false" />
                <line number="83" hits="1" branch="false" />
                <line number="84" hits="1" branch="false" />
                <line number="85" hits="1" branch="false" />
                <line number="86" hits="1" branch="false" />
                <line number="87" hits="1" branch="false" />
                <line number="88" hits="1" branch="false" />
                <line number="89" hits="1" branch="false" />
                <line number="90" hits="1" branch="false" />
              </lines>
            </method>
            <method name="SwitchExpressionPartial" signature="(CoverageDemo.MyInt)" line-rate="0.6363636363636364" branch-rate="0.3333333333333333" complexity="6">
              <lines>
                <line number="95" hits="1" branch="false" />
                <line number="96" hits="1" branch="true" condition-coverage="33% (2/6)" />
                <line number="97" hits="1" branch="false" />
                <line number="98" hits="0" branch="false" />
                <line number="99" hits="0" branch="false" />
                <line number="100" hits="1" branch="false" />
                <line number="101" hits="1" branch="false" />
                <line number="102" hits="0" branch="false" />
                <line number="103" hits="0" branch="false" />
                <line number="104" hits="1" branch="false" />
                <line number="105" hits="1" branch="false" />
              </lines>
            </method>
          </methods>
          <lines>
            <line number="11" hits="1" branch="false" />
            <line number="12" hits="1" branch="true" condition-coverage="100% (2/2)" />
            <line number="14" hits="1" branch="false" />
            <line number="15" hits="1" branch="false" />
            <line number="16" hits="1" branch="true" condition-coverage="100% (4/4)" />
            <line number="18" hits="1" branch="false" />
            <line number="19" hits="1" branch="false" />
            <line number="22" hits="1" branch="false" />
            <line number="26" hits="1" branch="false" />
            <line number="27" hits="1" branch="true" condition-coverage="100% (6/6)" />
            <line number="30" hits="1" branch="false" />
            <line number="31" hits="1" branch="false" />
            <line number="33" hits="1" branch="false" />
            <line number="34" hits="1" branch="false" />
            <line number="36" hits="1" branch="false" />
            <line number="37" hits="1" branch="false" />
            <line number="39" hits="1" branch="false" />
            <line number="40" hits="1" branch="false" />
            <line number="42" hits="1" branch="false" />
            <line number="43" hits="1" branch="false" />
            <line number="45" hits="1" branch="false" />
            <line number="48" hits="1" branch="false" />
            <line number="53" hits="1" branch="false" />
            <line number="54" hits="1" branch="true" condition-coverage="33% (2/6)" />
            <line number="57" hits="0" branch="false" />
            <line number="58" hits="0" branch="false" />
            <line number="60" hits="0" branch="false" />
            <line number="61" hits="0" branch="false" />
            <line number="63" hits="1" branch="false" />
            <line number="64" hits="1" branch="false" />
            <line number="66" hits="1" branch="false" />
            <line number="67" hits="1" branch="false" />
            <line number="69" hits="0" branch="false" />
            <line number="70" hits="0" branch="false" />
            <line number="72" hits="0" branch="false" />
            <line number="75" hits="1" branch="false" />
            <line number="80" hits="1" branch="false" />
            <line number="81" hits="1" branch="true" condition-coverage="100% (6/6)" />
            <line number="82" hits="1" branch="false" />
            <line number="83" hits="1" branch="false" />
            <line number="84" hits="1" branch="false" />
            <line number="85" hits="1" branch="false" />
            <line number="86" hits="1" branch="false" />
            <line number="87" hits="1" branch="false" />
            <line number="88" hits="1" branch="false" />
            <line number="89" hits="1" branch="false" />
            <line number="90" hits="1" branch="false" />
            <line number="95" hits="1" branch="false" />
            <line number="96" hits="1" branch="true" condition-coverage="33% (2/6)" />
            <line number="97" hits="1" branch="false" />
            <line number="98" hits="0" branch="false" />
            <line number="99" hits="0" branch="false" />
            <line number="100" hits="1" branch="false" />
            <line number="101" hits="1" branch="false" />
            <line number="102" hits="0" branch="false" />
            <line number="103" hits="0" branch="false" />
            <line number="104" hits="1" branch="false" />
            <line number="105" hits="1" branch="false" />
          </lines>
        </class>
        <class name="CoverageDemo.Layout.AnotherClassSameFile" filename="C:\Users\mw\Projects\Learning\codecoverage-lab\ReportComparison\CoverageDemo\Layout\MultiClassSingleFile.cs" line-rate="0" branch-rate="1" complexity="1">
          <methods>
            <method name="Method1" signature="(CoverageDemo.MyInt)" line-rate="0" branch-rate="1" complexity="1">
              <lines>
                <line number="12" hits="0" branch="false" />
              </lines>
            </method>
          </methods>
          <lines>
            <line number="12" hits="0" branch="false" />
          </lines>
        </class>
        <class name="CoverageDemo.Layout.MultiClassSingleFile" filename="C:\Users\mw\Projects\Learning\codecoverage-lab\ReportComparison\CoverageDemo\Layout\MultiClassSingleFile.cs" line-rate="0" branch-rate="1" complexity="1">
          <methods>
            <method name="Method1" signature="(CoverageDemo.MyInt)" line-rate="0" branch-rate="1" complexity="1">
              <lines>
                <line number="7" hits="0" branch="false" />
              </lines>
            </method>
          </methods>
          <lines>
            <line number="7" hits="0" branch="false" />
          </lines>
        </class>
        <class name="CoverageDemo.Layout.NestedClassMultiFile" filename="C:\Users\mw\Projects\Learning\codecoverage-lab\ReportComparison\CoverageDemo\Layout\NestedClassMultiFile.cs" line-rate="0" branch-rate="1" complexity="1">
          <methods>
            <method name="Method1" signature="(CoverageDemo.MyInt)" line-rate="0" branch-rate="1" complexity="1">
              <lines>
                <line number="7" hits="0" branch="false" />
              </lines>
            </method>
          </methods>
          <lines>
            <line number="7" hits="0" branch="false" />
          </lines>
        </class>
        <class name="CoverageDemo.Layout.NestedClassMultiFile.Inner" filename="C:\Users\mw\Projects\Learning\codecoverage-lab\ReportComparison\CoverageDemo\Layout\NestedClassMultiFile.Inner.cs" line-rate="0" branch-rate="1" complexity="2">
          <methods>
            <method name="Method1" signature="(CoverageDemo.MyInt)" line-rate="0" branch-rate="1" complexity="1">
              <lines>
                <line number="9" hits="0" branch="false" />
              </lines>
            </method>
            <method name="Method2" signature="(CoverageDemo.MyInt)" line-rate="0" branch-rate="1" complexity="1">
              <lines>
                <line number="10" hits="0" branch="false" />
              </lines>
            </method>
          </methods>
          <lines>
            <line number="9" hits="0" branch="false" />
            <line number="10" hits="0" branch="false" />
          </lines>
        </class>
        <class name="CoverageDemo.Layout.NestedClassSingleFile" filename="C:\Users\mw\Projects\Learning\codecoverage-lab\ReportComparison\CoverageDemo\Layout\NestedClassSingleFile.cs" line-rate="0" branch-rate="1" complexity="1">
          <methods>
            <method name="Method1" signature="(CoverageDemo.MyInt)" line-rate="0" branch-rate="1" complexity="1">
              <lines>
                <line number="7" hits="0" branch="false" />
              </lines>
            </method>
          </methods>
          <lines>
            <line number="7" hits="0" branch="false" />
          </lines>
        </class>
        <class name="CoverageDemo.Layout.NestedClassSingleFile.Inner" filename="C:\Users\mw\Projects\Learning\codecoverage-lab\ReportComparison\CoverageDemo\Layout\NestedClassSingleFile.cs" line-rate="0" branch-rate="1" complexity="2">
          <methods>
            <method name="Method1" signature="(CoverageDemo.MyInt)" line-rate="0" branch-rate="1" complexity="1">
              <lines>
                <line number="11" hits="0" branch="false" />
              </lines>
            </method>
            <method name="Method2" signature="(CoverageDemo.MyInt)" line-rate="0" branch-rate="1" complexity="1">
              <lines>
                <line number="12" hits="0" branch="false" />
              </lines>
            </method>
          </methods>
          <lines>
            <line number="11" hits="0" branch="false" />
            <line number="12" hits="0" branch="false" />
          </lines>
        </class>
        <class name="CoverageDemo.Layout.PartialMethods" filename="C:\Users\mw\Projects\Learning\codecoverage-lab\ReportComparison\CoverageDemo\Layout\PartialMethods.cs" line-rate="0" branch-rate="1" complexity="1">
          <methods>
            <method name="PartialMethod" signature="(CoverageDemo.MyInt)" line-rate="0" branch-rate="1" complexity="1">
              <lines>
                <line number="16" hits="0" branch="false" />
              </lines>
            </method>
          </methods>
          <lines>
            <line number="16" hits="0" branch="false" />
          </lines>
        </class>
        <class name="CoverageDemo.Layout.SingleClassMultiFile" filename="C:\Users\mw\Projects\Learning\codecoverage-lab\ReportComparison\CoverageDemo\Layout\SingleClassMultiFile.cs" line-rate="0" branch-rate="1" complexity="1">
          <methods>
            <method name="Method1" signature="(CoverageDemo.MyInt)" line-rate="0" branch-rate="1" complexity="1">
              <lines>
                <line number="7" hits="0" branch="false" />
              </lines>
            </method>
          </methods>
          <lines>
            <line number="7" hits="0" branch="false" />
          </lines>
        </class>
        <class name="CoverageDemo.Layout.SingleClassMultiFile" filename="C:\Users\mw\Projects\Learning\codecoverage-lab\ReportComparison\CoverageDemo\Layout\SingleClassMultiFile.Part2.cs" line-rate="0" branch-rate="1" complexity="1">
          <methods>
            <method name="Method2" signature="(CoverageDemo.MyInt)" line-rate="0" branch-rate="1" complexity="1">
              <lines>
                <line number="7" hits="0" branch="false" />
              </lines>
            </method>
          </methods>
          <lines>
            <line number="7" hits="0" branch="false" />
          </lines>
        </class>
        <class name="CoverageDemo.Layout.SingleClassSingleFile" filename="C:\Users\mw\Projects\Learning\codecoverage-lab\ReportComparison\CoverageDemo\Layout\SingleClassSingleFile.cs" line-rate="0" branch-rate="1" complexity="2">
          <methods>
            <method name="Method1" signature="(CoverageDemo.MyInt)" line-rate="0" branch-rate="1" complexity="1">
              <lines>
                <line number="7" hits="0" branch="false" />
              </lines>
            </method>
            <method name="Method2" signature="(CoverageDemo.MyInt)" line-rate="0" branch-rate="1" complexity="1">
              <lines>
                <line number="8" hits="0" branch="false" />
              </lines>
            </method>
          </methods>
          <lines>
            <line number="7" hits="0" branch="false" />
            <line number="8" hits="0" branch="false" />
          </lines>
        </class>
        <class name="CoverageDemo.MyBool" filename="C:\Users\mw\Projects\Learning\codecoverage-lab\ReportComparison\CoverageDemo\MyBool.cs" line-rate="1" branch-rate="1" complexity="4">
          <methods>
            <method name="get_Value" signature="()" line-rate="1" branch-rate="1" complexity="1">
              <lines>
                <line number="10" hits="1" branch="false" />
              </lines>
            </method>
            <method name="set_Value" signature="(bool)" line-rate="1" branch-rate="1" complexity="1">
              <lines>
                <line number="10" hits="1" branch="false" />
              </lines>
            </method>
            <method name="op_Implicit" signature="(bool)" line-rate="1" branch-rate="1" complexity="1">
              <lines>
                <line number="11" hits="1" branch="false" />
              </lines>
            </method>
            <method name="op_Implicit" signature="(CoverageDemo.MyBool)" line-rate="1" branch-rate="1" complexity="1">
              <lines>
                <line number="12" hits="1" branch="false" />
              </lines>
            </method>
          </methods>
          <lines>
            <line number="10" hits="1" branch="false" />
            <line number="11" hits="1" branch="false" />
[...]
            <line number="38" hits="0" branch="false" />
            <line number="39" hits="0" branch="false" />
          </lines>
        </class>
        <class name="CoverageDemo.Naming.SpecialMemberNames" filename="C:\Users\mw\Projects\Learning\codecoverage-lab\ReportComparison\CoverageDemo\Naming\SpecialMemberNames.cs" line-rate="0" branch-rate="1" complexity="18">
          <methods>
            <method name="get_Default" signature="()" line-rate="0" branch-rate="1" complexity="1">
              <lines>
                <line number="9" hits="0" branch="false" />
              </lines>
            </method>
            <method name="get_Data1" signature="()" line-rate="0" branch-rate="1" complexity="1">
              <lines>
                <line number="11" hits="0" branch="false" />
              </lines>
            </method>
            <method name="set_Data1" signature="(CoverageDemo.MyString)" line-rate="0" branch-rate="1" complexity="1">
              <lines>
                <line number="11" hits="0" branch="false" />
              </lines>
            </method>
            <method name="get_Data2" signature="()" line-rate="0" branch-rate="1" complexity="1">
              <lines>
                <line number="15" hits="0" branch="false" />
              </lines>
            </method>
            <method name="set_Data2" signature="(CoverageDemo.MyString)" line-rate="0" branch-rate="1" complexity="1">
              <lines>
                <line number="16" hits="0" branch="false" />
              </lines>
            </method>
            <method name="get_Item" signature="(CoverageDemo.MyInt)" line-rate="0" branch-rate="1" complexity="1">
              <lines>
                <line number="19" hits="0" branch="false" />
              </lines>
            </method>
            <method name="set_Item" signature="(CoverageDemo.MyInt, CoverageDemo.MyString)" line-rate="0" branch-rate="1" complexity="1">
              <lines>
                <line number="19" hits="0" branch="false" />
              </lines>
            </method>
            <method name="get_Item" signature="(CoverageDemo.MyString)" line-rate="0" branch-rate="1" complexity="1">
              <lines>
                <line number="23" hits="0" branch="false" />
              </lines>
            </method>
            <method name="set_Item" signature="(CoverageDemo.MyString, CoverageDemo.MyString)" line-rate="0" branch-rate="1" complexity="1">
              <lines>
                <line number="24" hits="0" branch="false" />
              </lines>
            </method>
            <method name=".ctor" signature="()" line-rate="0" branch-rate="1" complexity="1">
              <lines>
                <line number="27" hits="0" branch="false" />
                <line number="29" hits="0" branch="false" />
                <line number="30" hits="0" branch="false" />
              </lines>
            </method>
            <method name=".ctor" signature="(CoverageDemo.MyString)" line-rate="0" branch-rate="1" complexity="1">
              <lines>
                <line number="32" hits="0" branch="false" />
                <line number="34" hits="0" branch="false" />
                <line number="35" hits="0" branch="false" />
              </lines>
            </method>
            <method name="Finalize" signature="()" line-rate="0" branch-rate="1" complexity="1">
              <lines>
                <line number="39" hits="0" branch="false" />
                <line number="40" hits="0" branch="false" />
              </lines>
            </method>
            <method name="op_Implicit" signature="(CoverageDemo.MyString)" line-rate="0" branch-rate="1" complexity="1">
              <lines>
                <line number="42" hits="0" branch="false" />
              </lines>
            </method>
            <method name="op_Explicit" signature="(CoverageDemo.Naming.SpecialMemberNames)" line-rate="0" branch-rate="1" complexity="1">
              <lines>
                <line number="44" hits="0" branch="false" />
              </lines>
            </method>
            <method name="op_Explicit" signature="(CoverageDemo.Naming.SpecialMemberNames)" line-rate="0" branch-rate="1" complexity="1">
              <lines>
                <line number="46" hits="0" branch="false" />
              </lines>
            </method>
            <method name="op_Addition" signature="(CoverageDemo.Naming.SpecialMemberNames, CoverageDemo.Naming.SpecialMemberNames)" line-rate="0" branch-rate="1" complexity="1">
              <lines>
                <line number="48" hits="0" branch="false" />
              </lines>
            </method>
            <method name="op_Increment" signature="(CoverageDemo.Naming.SpecialMemberNames)" line-rate="0" branch-rate="1" complexity="1">
              <lines>
                <line number="51" hits="0" branch="false" />
                <line number="52" hits="0" branch="false" />
              </lines>
            </method>
            <method name=".cctor" signature="()" line-rate="0" branch-rate="1" complexity="1">
              <lines>
                <line number="7" hits="0" branch="false" />
              </lines>
            </method>
          </methods>
          <lines>
            <line number="7" hits="0" branch="false" />
            <line number="9" hits="0" branch="false" />
            <line number="11" hits="0" branch="false" />
            <line number="15" hits="0" branch="false" />
            <line number="16" hits="0" branch="false" />
            <line number="19" hits="0" branch="false" />
            <line number="23" hits="0" branch="false" />
            <line number="24" hits="0" branch="false" />
            <line number="27" hits="0" branch="false" />
            <line number="29" hits="0" branch="false" />
            <line number="30" hits="0" branch="false" />
            <line number="32" hits="0" branch="false" />
            <line number="34" hits="0" branch="false" />
            <line number="35" hits="0" branch="false" />
            <line number="39" hits="0" branch="false" />
            <line number="40" hits="0" branch="false" />
            <line number="42" hits="0" branch="false" />
            <line number="44" hits="0" branch="false" />
            <line number="46" hits="0" branch="false" />
            <line number="48" hits="0" branch="false" />
            <line number="51" hits="0" branch="false" />
            <line number="52" hits="0" branch="false" />
          </lines>
        </class>
        <class name="CoverageDemo.Naming.StateMachines.&lt;Method1&gt;d__0" filename="C:\Users\mw\Projects\Learning\codecoverage-lab\ReportComparison\CoverageDemo\Naming\StateMachines.cs" line-rate="0" branch-rate="1" complexity="1">
          <methods>
            <method name="MoveNext" signature="()" line-rate="0" branch-rate="1" complexity="1">
              <lines>
                <line number="12" hits="0" branch="false" />
                <line number="13" hits="0" branch="false" />
                <line number="14" hits="0" branch="false" />
              </lines>
            </method>
          </methods>
          <lines>
            <line number="12" hits="0" branch="false" />
            <line number="13" hits="0" branch="false" />
            <line number="14" hits="0" branch="false" />
          </lines>
        </class>
        <class name="CoverageDemo.Naming.StateMachines.&lt;Method2&gt;d__1" filename="C:\Users\mw\Projects\Learning\codecoverage-lab\ReportComparison\CoverageDemo\Naming\StateMachines.cs" line-rate="0" branch-rate="1" complexity="1">
          <methods>
            <method name="MoveNext" signature="()" line-rate="0" branch-rate="1" complexity="1">
              <lines>
                <line number="18" hits="0" branch="false" />
                <line number="19" hits="0" branch="false" />
                <line number="20" hits="0" branch="false" />
              </lines>
            </method>
          </methods>
          <lines>
            <line number="18" hits="0" branch="false" />
            <line number="19" hits="0" branch="false" />
            <line number="20" hits="0" branch="false" />
          </lines>
        </class>
        <class name="CoverageDemo.Naming.StateMachines.&lt;Method3&gt;d__2" filename="C:\Users\mw\Projects\Learning\codecoverage-lab\ReportComparison\CoverageDemo\Naming\StateMachines.cs" line-rate="0" branch-rate="1" complexity="1">
          <methods>
            <method name="MoveNext" signature="()" line-rate="0" branch-rate="1" complexity="1">
              <lines>
                <line number="24" hits="0" branch="false" />
                <line number="25" hits="0" branch="false" />
              </lines>
            </method>
          </methods>
          <lines>
            <line number="24" hits="0" branch="false" />
            <line number="25" hits="0" branch="false" />
          </lines>
        </class>
        <class name="CoverageDemo.Naming.SubNamespace.SomeClass" filename="C:\Users\mw\Projects\Learning\codecoverage-lab\ReportComparison\CoverageDemo\Naming\Namespaces.cs" line-rate="0" branch-rate="1" complexity="1">
          <methods>
            <method name="Method1" signature="(CoverageDemo.MyInt)" line-rate="0" branch-rate="1" complexity="1">
              <lines>
                <line number="14" hits="0" branch="false" />
              </lines>
            </method>
          </methods>
          <lines>
            <line number="14" hits="0" branch="false" />
          </lines>
        </class>
        <class name="GlobalClass" filename="C:\Users\mw\Projects\Learning\codecoverage-lab\ReportComparison\CoverageDemo\Naming\Namespaces.cs" line-rate="0" branch-rate="1" complexity="1">
          <methods>
            <method name="Method1" signature="(CoverageDemo.MyInt)" line-rate="0" branch-rate="1" complexity="1">
              <lines>
                <line number="5" hits="0" branch="false" />
              </lines>
            </method>
          </methods>
          <lines>
            <line number="5" hits="0" branch="false" />
          </lines>
        </class>
      </classes>
    </package>
    <package name="CoverageDemo.Tests" line-rate="0.7021276595744681" branch-rate="1" complexity="21">
      <classes>
        <class name="CoverageDemo.CoverageTests" filename="C:\Users\mw\Projects\Learning\codecoverage-lab\ReportComparison\CoverageDemo.Tests\CoverageTests.cs" line-rate="0.7058823529411765" branch-rate="1" complexity="17">
          <methods>
            <method name="Run" signature="()" line-rate="0" branch-rate="1" complexity="1">
              <lines>
                <line number="14" hits="0" branch="false" />
                <line number="15" hits="0" branch="false" />
                <line number="16" hits="0" branch="false" />
                <line number="17" hits="0" branch="false" />
                <line number="18" hits="0" branch="false" />
                <line number="19" hits="0" branch="false" />
                <line number="20" hits="0" branch="false" />
                <line number="21" hits="0" branch="false" />
                <line number="22" hits="0" branch="false" />
                <line number="23" hits="0" branch="false" />
              </lines>
            </method>
            <method name="TestAttributes" signature="()" line-rate="1" branch-rate="1" complexity="2">
              <lines>
                <line number="28" hits="1" branch="true" condition-coverage="100% (2/2)" />
                <line number="30" hits="1" branch="false" />
                <line number="32" hits="1" branch="false" />
              </lines>
            </method>
            <method name="TestGenerics" signature="()" line-rate="1" branch-rate="1" complexity="2">
              <lines>
                <line number="37" hits="1" branch="true" condition-coverage="100% (2/2)" />
                <line number="39" hits="1" branch="false" />
                <line number="41" hits="1" branch="false" />
              </lines>
            </method>
            <method name="TestLambdas" signature="()" line-rate="1" branch-rate="1" complexity="2">
              <lines>
                <line number="46" hits="1" branch="true" condition-coverage="100% (2/2)" />
                <line number="48" hits="1" branch="false" />
                <line number="50" hits="1" branch="false" />
              </lines>
            </method>
            <method name="TestProperties" signature="()" line-rate="1" branch-rate="1" complexity="2">
              <lines>
                <line number="55" hits="1" branch="true" condition-coverage="100% (2/2)" />
                <line number="57" hits="1" branch="false" />
                <line number="59" hits="1" branch="false" />
              </lines>
            </method>
            <method name="TestIfConditions" signature="()" line-rate="1" branch-rate="1" complexity="2">
              <lines>
                <line number="64" hits="1" branch="true" condition-coverage="100% (2/2)" />
                <line number="66" hits="1" branch="false" />
                <line number="68" hits="1" branch="false" />
              </lines>
            </method>
            <method name="TestLoopConditions" signature="()" line-rate="1" branch-rate="1" complexity="2">
              <lines>
                <line number="73" hits="1" branch="true" condition-coverage="100% (2/2)" />
                <line number="75" hits="1" branch="false" />
                <line number="77" hits="1" branch="false" />
              </lines>
            </method>
            <method name="TestNullConditions" signature="()" line-rate="1" branch-rate="1" complexity="2">
              <lines>
                <line number="82" hits="1" branch="true" condition-coverage="100% (2/2)" />
                <line number="84" hits="1" branch="false" />
                <line number="86" hits="1" branch="false" />
              </lines>
            </method>
            <method name="TestSwitchConditions" signature="()" line-rate="1" branch-rate="1" complexity="2">
              <lines>
                <line number="91" hits="1" branch="true" condition-coverage="100% (2/2)" />
                <line number="93" hits="1" branch="false" />
                <line number="95" hits="1" branch="false" />
              </lines>
            </method>
          </methods>
          <lines>
            <line number="14" hits="0" branch="false" />
            <line number="15" hits="0" branch="false" />
            <line number="16" hits="0" branch="false" />
            <line number="17" hits="0" branch="false" />
            <line number="18" hits="0" branch="false" />
            <line number="19" hits="0" branch="false" />
            <line number="20" hits="0" branch="false" />
            <line number="21" hits="0" branch="false" />
            <line number="22" hits="0" branch="false" />
            <line number="23" hits="0" branch="false" />
            <line number="28" hits="1" branch="true" condition-coverage="100% (2/2)" />
            <line number="30" hits="1" branch="false" />
            <line number="32" hits="1" branch="false" />
            <line number="37" hits="1" branch="true" condition-coverage="100% (2/2)" />
            <line number="39" hits="1" branch="false" />
            <line number="41" hits="1" branch="false" />
            <line number="46" hits="1" branch="true" condition-coverage="100% (2/2)" />
            <line number="48" hits="1" branch="false" />
            <line number="50" hits="1" branch="false" />
            <line number="55" hits="1" branch="true" condition-coverage="100% (2/2)" />
            <line number="57" hits="1" branch="false" />
            <line number="59" hits="1" branch="false" />
            <line number="64" hits="1" branch="true" condition-coverage="100% (2/2)" />
            <line number="66" hits="1" branch="false" />
            <line number="68" hits="1" branch="false" />
            <line number="73" hits="1" branch="true" condition-coverage="100% (2/2)" />
            <line number="75" hits="1" branch="false" />
            <line number="77" hits="1" branch="false" />
            <line number="82" hits="1" branch="true" condition-coverage="100% (2/2)" />
            <line number="84" hits="1" branch="false" />
            <line number="86" hits="1" branch="false" />
            <line number="91" hits="1" branch="true" condition-coverage="100% (2/2)" />
            <line number="93" hits="1" branch="false" />
            <line number="95" hits="1" branch="false" />
          </lines>
        </class>
        <class name="CoverageDemo.PendingTests" filename="C:\Users\mw\Projects\Learning\codecoverage-lab\ReportComparison\CoverageDemo.Tests\_Pending.cs" line-rate="0.42857142857142855" branch-rate="1" complexity="3">
          <methods>
            <method name="Run" signature="()" line-rate="0" branch-rate="1" complexity="1">
              <lines>
                <line number="76" hits="0" branch="false" />
                <line number="77" hits="0" branch="false" />
                <line number="78" hits="0" branch="false" />
              </lines>
            </method>
            <method name="TestNothing" signature="()" line-rate="1" branch-rate="1" complexity="1">
              <lines>
                <line number="100" hits="1" branch="false" />
              </lines>
            </method>
            <method name="TestDoesNotReturn" signature="()" line-rate="0.6666666666666666" branch-rate="1" complexity="1">
              <lines>
                <line number="113" hits="1" branch="false" />
                <line number="114" hits="0" branch="false" />
                <line number="115" hits="1" branch="false" />
              </lines>
            </method>
          </methods>
          <lines>
            <line number="76" hits="0" branch="false" />
            <line number="77" hits="0" branch="false" />
            <line number="78" hits="0" branch="false" />
            <line number="100" hits="1" branch="false" />
            <line number="113" hits="1" branch="false" />
            <line number="114" hits="0" branch="false" />
            <line number="115" hits="1" branch="false" />
          </lines>
        </class>
        <class name="CoverageDemo.PendingTests.&lt;Test4Async&gt;d__1" filename="C:\Users\mw\Projects\Learning\codecoverage-lab\ReportComparison\CoverageDemo.Tests\_Pending.cs" line-rate="1" branch-rate="1" complexity="1">
          <methods>
            <method name="MoveNext" signature="()" line-rate="1" branch-rate="1" complexity="1">
              <lines>
                <line number="90" hits="1" branch="false" />
                <line number="91" hits="1" branch="false" />
                <line number="92" hits="1" branch="false" />
                <line number="93" hits="1" branch="false" />
                <line number="94" hits="1" branch="false" />
                <line number="95" hits="1" branch="false" />
              </lines>
            </method>
          </methods>
          <lines>
            <line number="90" hits="1" branch="false" />
            <line number="91" hits="1" branch="false" />
            <line number="92" hits="1" branch="false" />
            <line number="93" hits="1" branch="false" />
            <line number="94" hits="1" branch="false" />
            <line number="95" hits="1" branch="false" />
          </lines>
        </class>
      </classes>
    </package>
  </packages>
</coverage>